<?xml version="1.0" encoding="UTF-8"?>
<!-- Generated by org.testng.reporters.JUnitReportReporter -->
<testsuite hostname="LAPTOP-L45CF4AI" name="POMwoPageFactoryTest.POMwoPageFactoryTest" tests="1" failures="0" timestamp="2 May 2020 07:09:08 GMT" time="11.189" errors="0">
  <testcase name="verifyLogin" time="11.189" classname="POMwoPageFactoryTest.POMwoPageFactoryTest"/>
</testsuite> <!-- POMwoPageFactoryTest.POMwoPageFactoryTest -->
