<?xml version="1.0" encoding="UTF-8"?>
<!-- Generated by org.testng.reporters.JUnitReportReporter -->
<testsuite skipped="0" hostname="LAPTOP-L45CF4AI" name="SeleniumGridwithBrowserstack.firefox" tests="4" failures="0" timestamp="23 Jun 2020 03:08:55 GMT" time="26.143" errors="0">
  <testcase name="firefoxDockerzal" time="5.110" classname="SeleniumGridwithBrowserstack.firefox"/>
  <testcase name="firefoxDocker" time="9.622" classname="SeleniumGridwithBrowserstack.firefox"/>
  <testcase name="firefoxDocker" time="4.641" classname="SeleniumGridwithBrowserstack.firefox"/>
  <testcase name="firefoxDockerzal" time="6.770" classname="SeleniumGridwithBrowserstack.firefox"/>
</testsuite> <!-- SeleniumGridwithBrowserstack.firefox -->
