<?xml version="1.0" encoding="UTF-8"?>
<!-- Generated by org.testng.reporters.JUnitReportReporter -->
<testsuite skipped="0" hostname="LAPTOP-L45CF4AI" name="POMwoPageFactoryTest.POMusingPageFactoryTest" tests="1" failures="0" timestamp="26 Apr 2020 04:53:55 GMT" time="27.137" errors="0">
  <testcase name="verifyLogin" time="27.137" classname="POMwoPageFactoryTest.POMusingPageFactoryTest"/>
</testsuite> <!-- POMwoPageFactoryTest.POMusingPageFactoryTest -->
