<?xml version="1.0" encoding="UTF-8"?>
<!-- Generated by org.testng.reporters.JUnitReportReporter -->
<testsuite skipped="0" hostname="LAPTOP-L45CF4AI" name="SeleniumWebdriver_2.SeleniumGrid" tests="1" failures="0" timestamp="20 Jun 2020 02:53:52 GMT" time="11.791" errors="0">
  <testcase name="gridTestingChrome" time="11.791" classname="SeleniumWebdriver_2.SeleniumGrid"/>
</testsuite> <!-- SeleniumWebdriver_2.SeleniumGrid -->
