<?xml version="1.0" encoding="UTF-8"?>
<!-- Generated by org.testng.reporters.JUnitReportReporter -->
<testsuite hostname="LAPTOP-L45CF4AI" name="SeleniumWebDriver_4.SeleniumWithSikuli" tests="2" failures="0" timestamp="2 Jun 2020 03:05:47 GMT" time="21.717" errors="0">
  <testcase name="sikuliTesting" time="9.608" classname="SeleniumWebDriver_4.SeleniumWithSikuli"/>
  <testcase name="sikuliTesting" time="12.109" classname="SeleniumWebDriver_4.SeleniumWithSikuli"/>
</testsuite> <!-- SeleniumWebDriver_4.SeleniumWithSikuli -->
