<?xml version="1.0" encoding="UTF-8"?>
<!-- Generated by org.testng.reporters.JUnitReportReporter -->
<testsuite hostname="LAPTOP-L45CF4AI" name="BaseClassTest.BaseClassTest2" tests="1" failures="0" timestamp="3 May 2020 02:32:04 GMT" time="11.172" errors="0">
  <testcase name="verifyCurrentURL" time="11.172" classname="BaseClassTest.BaseClassTest2"/>
</testsuite> <!-- BaseClassTest.BaseClassTest2 -->
