<?xml version="1.0" encoding="UTF-8"?>
<!-- Generated by org.testng.reporters.JUnitReportReporter -->
<testsuite hostname="LAPTOP-L45CF4AI" name="BaseClassTest.BaseClassTest1" tests="2" failures="0" timestamp="4 May 2020 03:26:56 GMT" time="31.232" errors="0">
  <testcase name="verifyTitle" time="17.919" classname="BaseClassTest.BaseClassTest1"/>
  <testcase name="verifyLogin" time="13.313" classname="BaseClassTest.BaseClassTest1"/>
</testsuite> <!-- BaseClassTest.BaseClassTest1 -->
