<?xml version="1.0" encoding="UTF-8"?>
<!-- Generated by org.testng.reporters.JUnitReportReporter -->
<testsuite hostname="LAPTOP-L45CF4AI" name="SeleniumWebDriver_3.Database" tests="1" failures="0" timestamp="4 May 2020 03:43:34 GMT" time="0.769" errors="0">
  <testcase name="database" time="0.769" classname="SeleniumWebDriver_3.Database"/>
</testsuite> <!-- SeleniumWebDriver_3.Database -->
