<?xml version="1.0" encoding="UTF-8"?>
<!-- Generated by org.testng.reporters.JUnitReportReporter -->
<testsuite skipped="0" hostname="LAPTOP-L45CF4AI" name="BaseClassTest.BaseClassTest" tests="1" failures="0" timestamp="27 Apr 2020 10:15:45 GMT" time="3.309" errors="0">
  <testcase name="verifyLogin" time="3.309" classname="BaseClassTest.BaseClassTest"/>
</testsuite> <!-- BaseClassTest.BaseClassTest -->
