<?xml version="1.0" encoding="UTF-8"?>
<!-- Generated by org.testng.reporters.JUnitReportReporter -->
<testsuite skipped="0" hostname="LAPTOP-L45CF4AI" name="SeleniumWebDriver_3.test" tests="1" failures="0" timestamp="29 Apr 2020 15:19:45 GMT" time="0.001" errors="0">
  <testcase name="verifyErrordrr" time="0.001" classname="SeleniumWebDriver_3.test"/>
</testsuite> <!-- SeleniumWebDriver_3.test -->
