<?xml version="1.0" encoding="UTF-8"?>
<!-- Generated by org.testng.reporters.JUnitReportReporter -->
<testsuite hostname="LAPTOP-L45CF4AI" name="SeleniumWebdriver_2.DataDrivenFramework1" tests="3" failures="0" timestamp="2 May 2020 12:32:17 GMT" time="30.013" errors="0">
  <testcase name="verifyLogin" time="7.719" classname="SeleniumWebdriver_2.DataDrivenFramework1"/>
  <testcase name="verifyLogin" time="11.380" classname="SeleniumWebdriver_2.DataDrivenFramework1"/>
  <testcase name="verifyLogin" time="10.914" classname="SeleniumWebdriver_2.DataDrivenFramework1"/>
</testsuite> <!-- SeleniumWebdriver_2.DataDrivenFramework1 -->
