<?xml version="1.0" encoding="UTF-8"?>
<!-- Generated by org.testng.reporters.JUnitReportReporter -->
<testsuite skipped="0" hostname="LAPTOP-L45CF4AI" name="SeleniumGridwithBrowserstack.testcase2" tests="6" failures="0" timestamp="30 Jun 2020 02:59:52 GMT" time="0.016" errors="0">
  <testcase name="firefoxDockerzal" time="0.001" classname="SeleniumGridwithBrowserstack.testcase2"/>
  <testcase name="firefoxDockerzal" time="0.003" classname="SeleniumGridwithBrowserstack.testcase2"/>
  <testcase name="firefoxDocker" time="0.001" classname="SeleniumGridwithBrowserstack.testcase2"/>
  <testcase name="firefoxDockerzal" time="0.002" classname="SeleniumGridwithBrowserstack.testcase2"/>
  <testcase name="firefoxDocker" time="0.007" classname="SeleniumGridwithBrowserstack.testcase2"/>
  <testcase name="firefoxDocker" time="0.002" classname="SeleniumGridwithBrowserstack.testcase2"/>
</testsuite> <!-- SeleniumGridwithBrowserstack.testcase2 -->
