<?xml version="1.0" encoding="UTF-8"?>
<!-- Generated by org.testng.reporters.JUnitReportReporter -->
<testsuite skipped="0" hostname="LAPTOP-L45CF4AI" name="SeleniumWebdriver_2.DataDrivenFramework" tests="3" failures="0" timestamp="27 Apr 2020 01:33:09 GMT" time="34.628" errors="0">
  <testcase name="verifyLogin" time="14.921" classname="SeleniumWebdriver_2.DataDrivenFramework"/>
  <testcase name="verifyLogin" time="10.922" classname="SeleniumWebdriver_2.DataDrivenFramework"/>
  <testcase name="verifyLogin" time="8.785" classname="SeleniumWebdriver_2.DataDrivenFramework"/>
</testsuite> <!-- SeleniumWebdriver_2.DataDrivenFramework -->
