<?xml version="1.0" encoding="UTF-8"?>
<!-- Generated by org.testng.reporters.JUnitReportReporter -->
<testsuite skipped="0" hostname="LAPTOP-L45CF4AI" name="SeleniumWebDriver_4.FirefoxDockerGrid" tests="1" failures="0" timestamp="05 Jun 2020 10:54:59 GMT" time="73.428" errors="0">
  <testcase name="gridTestingff" time="73.428" classname="SeleniumWebDriver_4.FirefoxDockerGrid"/>
</testsuite> <!-- SeleniumWebDriver_4.FirefoxDockerGrid -->
