<?xml version="1.0" encoding="UTF-8"?>
<!-- Generated by org.testng.reporters.JUnitReportReporter -->
<testsuite hostname="LAPTOP-L45CF4AI" name="SeleniumWebdriver_2.TestNGListeners" tests="2" failures="0" timestamp="2 May 2020 07:03:38 GMT" time="10.830" errors="0">
  <testcase name="verifyBrowser" time="10.814" classname="SeleniumWebdriver_2.TestNGListeners"/>
  <testcase name="verifyTitle" time="0.016" classname="SeleniumWebdriver_2.TestNGListeners"/>
</testsuite> <!-- SeleniumWebdriver_2.TestNGListeners -->
