<?xml version="1.0" encoding="UTF-8"?>
<!-- Generated by org.testng.reporters.JUnitReportReporter -->
<testsuite skipped="0" hostname="LAPTOP-L45CF4AI" name="SeleniumGridwithBrowserstack.chrome" tests="2" failures="0" timestamp="23 Jun 2020 03:08:55 GMT" time="15.125" errors="0">
  <testcase name="chromeDockerZal" time="6.525" classname="SeleniumGridwithBrowserstack.chrome"/>
  <testcase name="chromeDocker" time="8.600" classname="SeleniumGridwithBrowserstack.chrome"/>
</testsuite> <!-- SeleniumGridwithBrowserstack.chrome -->
