<?xml version="1.0" encoding="UTF-8"?>
<!-- Generated by org.testng.reporters.JUnitReportReporter -->
<testsuite hostname="LAPTOP-L45CF4AI" name="SeleniumWebDriver_3.AdvanceSeleniumReport" tests="2" failures="0" timestamp="3 May 2020 08:22:21 GMT" time="12.946" errors="0">
  <testcase name="openApplication" time="12.340" classname="SeleniumWebDriver_3.AdvanceSeleniumReport"/>
  <testcase name="verifyTitle" time="0.606" classname="SeleniumWebDriver_3.AdvanceSeleniumReport"/>
</testsuite> <!-- SeleniumWebDriver_3.AdvanceSeleniumReport -->
