<?xml version="1.0" encoding="UTF-8"?>
<!-- Generated by org.testng.reporters.JUnitReportReporter -->
<testsuite hostname="LAPTOP-L45CF4AI" name="POMTest.POMusingPageFactoryTest" tests="1" failures="0" timestamp="2 May 2020 10:03:16 GMT" time="9.830" errors="0">
  <testcase name="verifyLogin" time="9.830" classname="POMTest.POMusingPageFactoryTest"/>
</testsuite> <!-- POMTest.POMusingPageFactoryTest -->
