<?xml version="1.0" encoding="UTF-8"?>
<!-- Generated by org.testng.reporters.JUnitReportReporter -->
<testsuite hostname="LAPTOP-L45CF4AI" name="SeleniumWebDriver_3.SeleniumWithJenkins" tests="1" failures="0" timestamp="2 May 2020 06:26:51 GMT" time="9.447" errors="0">
  <testcase name="openurl" time="9.447" classname="SeleniumWebDriver_3.SeleniumWithJenkins"/>
</testsuite> <!-- SeleniumWebDriver_3.SeleniumWithJenkins -->
